0 info it worked if it ends with ok
1 verbose cli [
1 verbose cli   'C:\\Program Files\\nodejs\\node.exe',
1 verbose cli   'C:\\Users\\Pc\\AppData\\Roaming\\npm\\node_modules\\npm\\bin\\npm-cli.js',
1 verbose cli   'start'
1 verbose cli ]
2 info using npm@3.10.10
3 info using node@v12.18.0
4 verbose config Skipping project config: C:\Users\Pc/.npmrc. (matches userconfig)
5 verbose stack Error: missing script: start
5 verbose stack     at run (C:\Users\Pc\AppData\Roaming\npm\node_modules\npm\lib\run-script.js:151:19)
5 verbose stack     at C:\Users\Pc\AppData\Roaming\npm\node_modules\npm\lib\run-script.js:61:5
5 verbose stack     at C:\Users\Pc\AppData\Roaming\npm\node_modules\npm\node_modules\read-package-json\read-json.js:356:5
5 verbose stack     at checkBinReferences_ (C:\Users\Pc\AppData\Roaming\npm\node_modules\npm\node_modules\read-package-json\read-json.js:320:45)
5 verbose stack     at final (C:\Users\Pc\AppData\Roaming\npm\node_modules\npm\node_modules\read-package-json\read-json.js:354:3)
5 verbose stack     at then (C:\Users\Pc\AppData\Roaming\npm\node_modules\npm\node_modules\read-package-json\read-json.js:124:5)
5 verbose stack     at ReadFileContext.<anonymous> (C:\Users\Pc\AppData\Roaming\npm\node_modules\npm\node_modules\read-package-json\read-json.js:308:29)
5 verbose stack     at ReadFileContext.callback (C:\Users\Pc\AppData\Roaming\npm\node_modules\npm\node_modules\graceful-fs\graceful-fs.js:78:16)
5 verbose stack     at FSReqCallback.readFileAfterOpen [as oncomplete] (fs.js:257:13)
6 verbose cwd C:\Users\Pc\Desktop\estudos_react\Estudo-React
7 error Windows_NT 10.0.18362
8 error argv "C:\\Program Files\\nodejs\\node.exe" "C:\\Users\\Pc\\AppData\\Roaming\\npm\\node_modules\\npm\\bin\\npm-cli.js" "start"
9 error node v12.18.0
10 error npm  v3.10.10
11 error missing script: start
12 error If you need help, you may report this error at:
12 error     <https://github.com/npm/npm/issues>
13 verbose exit [ 1, true ]
